<?xml version="1.0" encoding="UTF-8"?>
<!-- Generated by org.testng.reporters.JUnitReportReporter -->
<testsuite name="Testing.One" tests="2" time="0.031" ignored="0" failures="0" timestamp="24 Aug 2020 06:07:20 GMT" skipped="0" hostname="LAPTOP-CESU4ELL" errors="0">
  <testcase name="createUser" time="0.007" classname="Testing.One"/>
  <testcase name="Login" time="0.024" classname="Testing.One"/>
</testsuite> <!-- Testing.One -->
