<?xml version="1.0" encoding="UTF-8"?>
<!-- Generated by org.testng.reporters.JUnitReportReporter -->
<testsuite name="RealtimeUsingPOm.ValidLoginPage" tests="1" time="25.924" ignored="0" failures="0" timestamp="29 Aug 2020 16:12:15 GMT" skipped="0" hostname="LAPTOP-CESU4ELL" errors="0">
  <testcase name="validLoginpageTest" time="25.924" classname="RealtimeUsingPOm.ValidLoginPage"/>
</testsuite> <!-- RealtimeUsingPOm.ValidLoginPage -->
