<?xml version="1.0" encoding="UTF-8"?>
<!-- Generated by org.testng.reporters.JUnitReportReporter -->
<testsuite name="RealTime.LoginPage" tests="2" time="26.644" ignored="0" failures="0" timestamp="20 Aug 2020 06:22:50 GMT" skipped="0" hostname="LAPTOP-CESU4ELL" errors="0">
  <testcase name="openBrowser" time="26.162" classname="RealTime.LoginPage"/>
  <testcase name="loginPage" time="0.482" classname="RealTime.LoginPage"/>
</testsuite> <!-- RealTime.LoginPage -->
