<?xml version="1.0" encoding="UTF-8"?>
<!-- Generated by org.testng.reporters.JUnitReportReporter -->
<testsuite name="RealTime.DemoB" tests="1" time="0.010" ignored="0" failures="0" timestamp="29 Aug 2020 16:15:32 GMT" skipped="0" hostname="LAPTOP-CESU4ELL" errors="0">
  <testcase name="createUser" time="0.010" classname="RealTime.DemoB"/>
</testsuite> <!-- RealTime.DemoB -->
