<?xml version="1.0" encoding="UTF-8"?>
<!-- Generated by org.testng.reporters.JUnitReportReporter -->
<testsuite name="DataProviders.DemoA" tests="2" time="0.028" ignored="0" failures="0" timestamp="06 Sep 2020 15:01:00 GMT" skipped="0" hostname="LAPTOP-CESU4ELL" errors="0">
  <testcase name="test_LoginPage" time="0.008" classname="DataProviders.DemoA"/>
  <testcase name="test_LoginPage" time="0.020" classname="DataProviders.DemoA"/>
</testsuite> <!-- DataProviders.DemoA -->
