<?xml version="1.0" encoding="UTF-8"?>
<!-- Generated by org.testng.reporters.JUnitReportReporter -->
<testsuite name="UsingPom.InvalidLogin" tests="1" time="18.741" ignored="0" failures="0" timestamp="29 Aug 2020 16:17:20 GMT" skipped="0" hostname="LAPTOP-CESU4ELL" errors="0">
  <testcase name="openBrowswer" time="18.741" classname="UsingPom.InvalidLogin"/>
</testsuite> <!-- UsingPom.InvalidLogin -->
