<?xml version="1.0" encoding="UTF-8"?>
<!-- Generated by org.testng.reporters.JUnitReportReporter -->
<testsuite name="ParallelExecution.DemoB" tests="2" time="93.317" ignored="0" failures="0" timestamp="26 Aug 2020 06:45:57 GMT" skipped="0" hostname="LAPTOP-CESU4ELL" errors="0">
  <testcase name="launchChrome" time="35.197" classname="ParallelExecution.DemoB"/>
  <testcase name="launchChrome" time="58.120" classname="ParallelExecution.DemoB"/>
</testsuite> <!-- ParallelExecution.DemoB -->
