<?xml version="1.0" encoding="UTF-8"?>
<!-- Generated by org.testng.reporters.JUnitReportReporter -->
<testsuite name="Parameter.DemoAaUsingOption" tests="1" time="0.019" ignored="0" failures="0" timestamp="29 Aug 2020 16:13:18 GMT" skipped="0" hostname="LAPTOP-CESU4ELL" errors="0">
  <testcase name="place" time="0.019" classname="Parameter.DemoAaUsingOption"/>
</testsuite> <!-- Parameter.DemoAaUsingOption -->
