<?xml version="1.0" encoding="UTF-8"?>
<!-- Generated by org.testng.reporters.JUnitReportReporter -->
<testsuite name="DataProviders.DemoRealtime" tests="2" time="62.466" ignored="0" failures="0" timestamp="06 Sep 2020 15:02:41 GMT" skipped="0" hostname="LAPTOP-CESU4ELL" errors="0">
  <testcase name="test_LoginPage" time="31.054" classname="DataProviders.DemoRealtime"/>
  <testcase name="test_LoginPage" time="31.412" classname="DataProviders.DemoRealtime"/>
</testsuite> <!-- DataProviders.DemoRealtime -->
