<?xml version="1.0" encoding="UTF-8"?>
<!-- Generated by org.testng.reporters.JUnitReportReporter -->
<testsuite name="ParallelExecution.Actime" tests="7" time="862.146" ignored="0" failures="0" timestamp="30 Aug 2020 07:46:15 GMT" skipped="0" hostname="LAPTOP-CESU4ELL" errors="0">
  <testcase name="launchChrome" time="110.015" classname="ParallelExecution.Actime"/>
  <testcase name="launchChrome" time="164.113" classname="ParallelExecution.Actime"/>
  <testcase name="launchChrome" time="163.577" classname="ParallelExecution.Actime"/>
  <testcase name="launchChrome" time="164.213" classname="ParallelExecution.Actime"/>
  <testcase name="launchChrome" time="42.118" classname="ParallelExecution.Actime"/>
  <testcase name="launchChrome" time="54.217" classname="ParallelExecution.Actime"/>
  <testcase name="launchChrome" time="163.893" classname="ParallelExecution.Actime"/>
</testsuite> <!-- ParallelExecution.Actime -->
