<?xml version="1.0" encoding="UTF-8"?>
<!-- Generated by org.testng.reporters.JUnitReportReporter -->
<testsuite name="ParallelExecution.DemoC" tests="2" time="239.437" ignored="0" failures="0" timestamp="29 Aug 2020 16:23:26 GMT" skipped="0" hostname="LAPTOP-CESU4ELL" errors="0">
  <testcase name="launchChrome" time="118.426" classname="ParallelExecution.DemoC"/>
  <testcase name="launchChrome" time="121.011" classname="ParallelExecution.DemoC"/>
</testsuite> <!-- ParallelExecution.DemoC -->
