<?xml version="1.0" encoding="UTF-8"?>
<!-- Generated by org.testng.reporters.JUnitReportReporter -->
<testsuite name="Practice.ExceptionHandling" tests="1" time="22.668" ignored="0" failures="0" timestamp="30 Aug 2020 16:15:11 GMT" skipped="0" hostname="LAPTOP-CESU4ELL" errors="0">
  <testcase name="Login" time="22.668" classname="Practice.ExceptionHandling"/>
</testsuite> <!-- Practice.ExceptionHandling -->
