<?xml version="1.0" encoding="UTF-8"?>
<!-- Generated by org.testng.reporters.JUnitReportReporter -->
<testsuite name="Grouping.DemoB" tests="2" time="0.017" ignored="3" failures="0" timestamp="21 Aug 2020 06:38:56 GMT" skipped="0" hostname="LAPTOP-CESU4ELL" errors="0">
  <testcase name="m1" time="0.015" classname="Grouping.DemoB"/>
  <testcase name="m2" time="0.002" classname="Grouping.DemoB"/>
  <testcase name="n1" classname="Grouping.DemoB">
    <skipped/>
  </testcase> <!-- n1 -->
  <testcase name="n3" classname="Grouping.DemoB">
    <skipped/>
  </testcase> <!-- n3 -->
  <testcase name="n2" classname="Grouping.DemoB">
    <skipped/>
  </testcase> <!-- n2 -->
</testsuite> <!-- Grouping.DemoB -->
