<?xml version="1.0" encoding="UTF-8"?>
<!-- Generated by org.testng.reporters.JUnitReportReporter -->
<testsuite name="InheritanceType.DemoA" tests="1" time="0.018" ignored="0" failures="0" timestamp="29 Aug 2020 16:15:53 GMT" skipped="0" hostname="LAPTOP-CESU4ELL" errors="0">
  <testcase name="end" time="0.018" classname="InheritanceType.DemoA"/>
</testsuite> <!-- InheritanceType.DemoA -->
