<?xml version="1.0" encoding="UTF-8"?>
<!-- Generated by org.testng.reporters.JUnitReportReporter -->
<testsuite name="Parameter.DemoA" tests="1" time="0.019" ignored="0" failures="0" timestamp="25 Aug 2020 07:24:16 GMT" skipped="0" hostname="LAPTOP-CESU4ELL" errors="0">
  <testcase name="place" time="0.019" classname="Parameter.DemoA"/>
</testsuite> <!-- Parameter.DemoA -->
