<?xml version="1.0" encoding="UTF-8"?>
<!-- Generated by org.testng.reporters.JUnitReportReporter -->
<testsuite name="UsingPom.ValidLogin" tests="1" time="48.503" ignored="0" failures="0" timestamp="29 Aug 2020 16:17:20 GMT" skipped="0" hostname="LAPTOP-CESU4ELL" errors="0">
  <testcase name="openBrowswer" time="48.503" classname="UsingPom.ValidLogin"/>
</testsuite> <!-- UsingPom.ValidLogin -->
