<?xml version="1.0" encoding="UTF-8"?>
<!-- Generated by org.testng.reporters.JUnitReportReporter -->
<testsuite name="Parameter.DemoB" tests="1" time="0.030" ignored="0" failures="0" timestamp="29 Aug 2020 16:13:42 GMT" skipped="0" hostname="LAPTOP-CESU4ELL" errors="0">
  <testcase name="Descrption" time="0.030" classname="Parameter.DemoB"/>
</testsuite> <!-- Parameter.DemoB -->
