<?xml version="1.0" encoding="UTF-8"?>
<!-- Generated by org.testng.reporters.JUnitReportReporter -->
<testsuite name="DemoTestNg.DemoD" tests="10" time="0.030" ignored="0" failures="0" timestamp="09 Sep 2020 15:45:53 GMT" skipped="0" hostname="LAPTOP-CESU4ELL" errors="0">
  <testcase name="edituser" time="0.002" classname="DemoTestNg.DemoD"/>
  <testcase name="deleteuser" time="0.005" classname="DemoTestNg.DemoD"/>
  <testcase name="logout" time="0.002" classname="DemoTestNg.DemoD"/>
  <testcase name="login" time="0.006" classname="DemoTestNg.DemoD"/>
  <testcase name="edituser" time="0.002" classname="DemoTestNg.DemoD"/>
  <testcase name="deleteuser" time="0.005" classname="DemoTestNg.DemoD"/>
  <testcase name="edituser" time="0.001" classname="DemoTestNg.DemoD"/>
  <testcase name="deleteuser" time="0.002" classname="DemoTestNg.DemoD"/>
  <testcase name="deleteuser" time="0.002" classname="DemoTestNg.DemoD"/>
  <testcase name="edituser" time="0.003" classname="DemoTestNg.DemoD"/>
</testsuite> <!-- DemoTestNg.DemoD -->
