<?xml version="1.0" encoding="UTF-8"?>
<!-- Generated by org.testng.reporters.JUnitReportReporter -->
<testsuite name="RealTime.DemoA" tests="1" time="0.011" ignored="0" failures="0" timestamp="29 Aug 2020 16:15:32 GMT" skipped="0" hostname="LAPTOP-CESU4ELL" errors="0">
  <testcase name="createUser" time="0.011" classname="RealTime.DemoA"/>
</testsuite> <!-- RealTime.DemoA -->
