<?xml version="1.0" encoding="UTF-8"?>
<!-- Generated by org.testng.reporters.JUnitReportReporter -->
<testsuite name="Listnerslearning.DemoB" tests="1" time="0.002" ignored="0" failures="0" timestamp="18 Sep 2020 03:25:17 GMT" skipped="0" hostname="LAPTOP-CESU4ELL" errors="0">
  <testcase name="Testing" time="0.002" classname="Listnerslearning.DemoB"/>
</testsuite> <!-- Listnerslearning.DemoB -->
