<?xml version="1.0" encoding="UTF-8"?>
<!-- Generated by org.testng.reporters.JUnitReportReporter -->
<testsuite name="DemoTestNg.DemoA" tests="4" time="100.327" ignored="0" failures="0" timestamp="09 Sep 2020 15:45:53 GMT" skipped="0" hostname="LAPTOP-CESU4ELL" errors="0">
  <testcase name="A" time="43.730" classname="DemoTestNg.DemoA"/>
  <testcase name="Abcd" time="16.803" classname="DemoTestNg.DemoA"/>
  <testcase name="Ab" time="21.334" classname="DemoTestNg.DemoA"/>
  <testcase name="Abc" time="18.460" classname="DemoTestNg.DemoA"/>
</testsuite> <!-- DemoTestNg.DemoA -->
