<?xml version="1.0" encoding="UTF-8"?>
<!-- Generated by org.testng.reporters.JUnitReportReporter -->
<testsuite name="Grouping.DemoA" tests="5" time="0.043" ignored="0" failures="0" timestamp="29 Aug 2020 16:14:59 GMT" skipped="0" hostname="LAPTOP-CESU4ELL" errors="0">
  <testcase name="logout" time="0.002" classname="Grouping.DemoA"/>
  <testcase name="createUser" time="0.004" classname="Grouping.DemoA"/>
  <testcase name="closeBrowser" time="0.004" classname="Grouping.DemoA"/>
  <testcase name="login" time="0.004" classname="Grouping.DemoA"/>
  <testcase name="openBrowswer" time="0.029" classname="Grouping.DemoA"/>
</testsuite> <!-- Grouping.DemoA -->
