<?xml version="1.0" encoding="UTF-8"?>
<!-- Generated by org.testng.reporters.JUnitReportReporter -->
<testsuite name="DemoTestNg.Demo1" tests="4" time="0.010" ignored="0" failures="0" timestamp="09 Sep 2020 15:45:53 GMT" skipped="0" hostname="LAPTOP-CESU4ELL" errors="0">
  <testcase name="A" time="0.002" classname="DemoTestNg.Demo1"/>
  <testcase name="B" time="0.002" classname="DemoTestNg.Demo1"/>
  <testcase name="D" time="0.003" classname="DemoTestNg.Demo1"/>
  <testcase name="C" time="0.003" classname="DemoTestNg.Demo1"/>
</testsuite> <!-- DemoTestNg.Demo1 -->
