<?xml version="1.0" encoding="UTF-8"?>
<!-- Generated by org.testng.reporters.JUnitReportReporter -->
<testsuite name="DemoTestNg.DemoC" tests="10" time="0.101" ignored="0" failures="0" timestamp="09 Sep 2020 15:45:53 GMT" skipped="0" hostname="LAPTOP-CESU4ELL" errors="0">
  <testcase name="logout" time="0.014" classname="DemoTestNg.DemoC"/>
  <testcase name="deleteuser" time="0.010" classname="DemoTestNg.DemoC"/>
  <testcase name="login" time="0.020" classname="DemoTestNg.DemoC"/>
  <testcase name="deleteuser" time="0.007" classname="DemoTestNg.DemoC"/>
  <testcase name="edituser" time="0.031" classname="DemoTestNg.DemoC"/>
  <testcase name="edituser" time="0.005" classname="DemoTestNg.DemoC"/>
  <testcase name="edituser" time="0.004" classname="DemoTestNg.DemoC"/>
  <testcase name="edituser" time="0.002" classname="DemoTestNg.DemoC"/>
  <testcase name="deleteuser" time="0.006" classname="DemoTestNg.DemoC"/>
  <testcase name="deleteuser" time="0.002" classname="DemoTestNg.DemoC"/>
</testsuite> <!-- DemoTestNg.DemoC -->
