<?xml version="1.0" encoding="UTF-8"?>
<!-- Generated by org.testng.reporters.JUnitReportReporter -->
<testsuite name="Parameter.DemoLogin" tests="1" time="26.288" ignored="0" failures="0" timestamp="29 Aug 2020 16:14:23 GMT" skipped="0" hostname="LAPTOP-CESU4ELL" errors="0">
  <testcase name="test_loginPage" time="26.288" classname="Parameter.DemoLogin"/>
</testsuite> <!-- Parameter.DemoLogin -->
