<?xml version="1.0" encoding="UTF-8"?>
<!-- Generated by org.testng.reporters.JUnitReportReporter -->
<testsuite name="Parameter.DemoAa" tests="1" time="0.018" ignored="0" failures="0" timestamp="25 Aug 2020 07:46:06 GMT" skipped="0" hostname="LAPTOP-CESU4ELL" errors="0">
  <testcase name="place" time="0.018" classname="Parameter.DemoAa"/>
</testsuite> <!-- Parameter.DemoAa -->
